<!DOCTYPE html PUBLIC "-//W3C//DTD XHTML 1.1//EN" "http://www.w3.org/TR/xhtml11/DTD/xhtml11.dtd">
<html xmlns="http://www.w3.org/1999/xhtml"><head><title>TestNG Report</title><style type="text/css">table {margin-bottom:10px;border-collapse:collapse;empty-cells:show}th,td {border:1px solid #009;padding:.25em .5em}th {vertical-align:bottom}td {vertical-align:top}table a {font-weight:bold}.stripe td {background-color: #E6EBF9}.num {text-align:right}.passedodd td {background-color: #3F3}.passedeven td {background-color: #0A0}.skippedodd td {background-color: #DDD}.skippedeven td {background-color: #CCC}.failedodd td,.attn {background-color: #F33}.failedeven td,.stripe .attn {background-color: #D00}.stacktrace {white-space:pre;font-family:monospace}.totop {font-size:85%;text-align:center;border-bottom:2px solid #000}</style></head><body><table><tr><th>Test</th><th># Passed</th><th># Skipped</th><th># Failed</th><th>Time (ms)</th><th>Included Groups</th><th>Excluded Groups</th></tr><tr><th colspan="7">OrangeHRM</th></tr><tr><td><a href="#t0">pim</a></td><td class="num">0</td><td class="num">0</td><td class="num attn">2</td><td class="num">59,730</td><td></td><td></td></tr><tr class="stripe"><td><a href="#t1">Admin</a></td><td class="num">0</td><td class="num attn">2</td><td class="num">0</td><td class="num">12,275</td><td></td><td></td></tr><tr><th>Total</th><th class="num">0</th><th class="num attn">2</th><th class="num attn">2</th><th class="num">72,005</th><th colspan="2"></th></tr></table><table><thead><tr><th>Class</th><th>Method</th><th>Start</th><th>Time (ms)</th></tr></thead><tbody><tr><th colspan="4">OrangeHRM</th></tr></tbody><tbody id="t0"><tr><th colspan="4">pim &#8212; failed</th></tr><tr class="failedeven"><td rowspan="2">com.orangehrm.tests.AddEmployeeTest</td><td><a href="#m0">verifyAddEmployee</a></td><td rowspan="1">1532751919595</td><td rowspan="1">19101</td></tr><tr class="failedeven"><td><a href="#m1">verifyAddEmployee1</a></td><td rowspan="1">1532751949324</td><td rowspan="1">18629</td></tr></tbody><tbody id="t1"><tr><th colspan="4">Admin &#8212; failed (configuration methods)</th></tr><tr class="failedeven"><td rowspan="1">com.orangehrm.tests.AddEmployeeTest</td><td><a href="#m2">openApp</a></td><td rowspan="1">1532751970317</td><td rowspan="1">0</td></tr><tr><th colspan="4">Admin &#8212; skipped (configuration methods)</th></tr><tr class="skippedeven"><td rowspan="7">com.orangehrm.tests.AddEmployeeTest</td><td><a href="#m3">closeBrowser</a></td><td rowspan="2">1532751982588</td><td rowspan="2">0</td></tr><tr class="skippedeven"><td><a href="#m4">closeBrowser</a></td></tr><tr class="skippedeven"><td><a href="#m5">login</a></td><td rowspan="2">1532751982587</td><td rowspan="2">0</td></tr><tr class="skippedeven"><td><a href="#m6">login</a></td></tr><tr class="skippedeven"><td><a href="#m7">logout</a></td><td rowspan="2">1532751982589</td><td rowspan="2">0</td></tr><tr class="skippedeven"><td><a href="#m8">logout</a></td></tr><tr class="skippedeven"><td><a href="#m9">openApp</a></td><td rowspan="1">1532751982589</td><td rowspan="1">0</td></tr><tr><th colspan="4">Admin &#8212; skipped</th></tr><tr class="skippedeven"><td rowspan="2">com.orangehrm.tests.AddEmployeeTest</td><td><a href="#m10">verifyAddEmployee</a></td><td rowspan="1">1532751982588</td><td rowspan="1">0</td></tr><tr class="skippedeven"><td><a href="#m11">verifyAddEmployee1</a></td><td rowspan="1">1532751982590</td><td rowspan="1">0</td></tr></tbody></table><h2>pim</h2><h3 id="m0">com.orangehrm.tests.AddEmployeeTest#verifyAddEmployee</h3><table class="result"><tr><th>Exception</th></tr><tr><td><div class="stacktrace">java.lang.AssertionError: Actual empId: [0324] is not matching with Expected EmpId: [0343] expected [0343] but found [0324]
	at com.orangehrm.tests.AddEmployeeTest.verifyAddEmployee(AddEmployeeTest.java:28)
... Removed 38 stack frames</div></td></tr></table><p class="totop"><a href="#summary">back to summary</a></p><h3 id="m1">com.orangehrm.tests.AddEmployeeTest#verifyAddEmployee1</h3><table class="result"><tr><th>Exception</th></tr><tr><td><div class="stacktrace">java.lang.AssertionError: Actual empId: [0324] is not matching with Expected EmpId: [0344] expected [0344] but found [0324]
	at com.orangehrm.tests.AddEmployeeTest.verifyAddEmployee1(AddEmployeeTest.java:46)
... Removed 38 stack frames</div></td></tr></table><p class="totop"><a href="#summary">back to summary</a></p><h2>Admin</h2><h3 id="m2">com.orangehrm.tests.AddEmployeeTest#openApp</h3><table class="result"><tr class="param"><th>Parameter #1</th></tr><tr class="param stripe"><td>public void com.orangehrm.tests.AddEmployeeTest.verifyAddEmployee() throws java.lang.InterruptedException</td></tr><tr><th>Exception</th></tr><tr><td><div class="stacktrace">org.openqa.selenium.WebDriverException: chrome not reachable
  (Session info: chrome=67.0.3396.99)
  (Driver info: chromedriver=2.38.552522 (437e6fbedfa8762dec75e2c5b3ddb86763dc9dcb),platform=Windows NT 6.1.7600 x86_64) (WARNING: The server did not provide any stacktrace information)
Command duration or timeout: 4.02 seconds
Build info: version: &apos;2.53.1&apos;, revision: &apos;a36b8b1cd5757287168e54b817830adce9b0158d&apos;, time: &apos;2016-06-30 19:26:09&apos;
System info: host: &apos;user-PC&apos;, ip: &apos;192.168.0.106&apos;, os.name: &apos;Windows 7&apos;, os.arch: &apos;amd64&apos;, os.version: &apos;6.1&apos;, java.version: &apos;1.8.0_77&apos;
Driver info: org.openqa.selenium.chrome.ChromeDriver
Capabilities [{applicationCacheEnabled=false, rotatable=false, mobileEmulationEnabled=false, networkConnectionEnabled=false, chrome={chromedriverVersion=2.38.552522 (437e6fbedfa8762dec75e2c5b3ddb86763dc9dcb), userDataDir=C:\Users\user\AppData\Local\Temp\scoped_dir2268_3917}, takesHeapSnapshot=true, pageLoadStrategy=normal, databaseEnabled=false, handlesAlerts=true, hasTouchScreen=false, version=67.0.3396.99, platform=XP, browserConnectionEnabled=false, nativeEvents=true, acceptSslCerts=false, acceptInsecureCerts=false, locationContextEnabled=true, webStorageEnabled=true, browserName=chrome, takesScreenshot=true, javascriptEnabled=true, cssSelectorsEnabled=true, setWindowRect=true, unexpectedAlertBehaviour=}]
Session ID: 0b636536cd27d1a4345294718f8fc5d3
	at org.openqa.selenium.remote.ErrorHandler.createThrowable(ErrorHandler.java:206)
	at org.openqa.selenium.remote.ErrorHandler.throwIfResponseFailed(ErrorHandler.java:158)
	at org.openqa.selenium.remote.RemoteWebDriver.execute(RemoteWebDriver.java:678)
	at org.openqa.selenium.remote.RemoteWebDriver.get(RemoteWebDriver.java:316)
	at com.orangehrm.tests.BaseTest.openApp(BaseTest.java:56)
... Removed 39 stack frames</div></td></tr></table><p class="totop"><a href="#summary">back to summary</a></p><h3 id="m3">com.orangehrm.tests.AddEmployeeTest#closeBrowser</h3><table class="result"></table><p class="totop"><a href="#summary">back to summary</a></p><h3 id="m4">com.orangehrm.tests.AddEmployeeTest#closeBrowser</h3><table class="result"></table><p class="totop"><a href="#summary">back to summary</a></p><h3 id="m5">com.orangehrm.tests.AddEmployeeTest#login</h3><table class="result"></table><p class="totop"><a href="#summary">back to summary</a></p><h3 id="m6">com.orangehrm.tests.AddEmployeeTest#login</h3><table class="result"></table><p class="totop"><a href="#summary">back to summary</a></p><h3 id="m7">com.orangehrm.tests.AddEmployeeTest#logout</h3><table class="result"></table><p class="totop"><a href="#summary">back to summary</a></p><h3 id="m8">com.orangehrm.tests.AddEmployeeTest#logout</h3><table class="result"></table><p class="totop"><a href="#summary">back to summary</a></p><h3 id="m9">com.orangehrm.tests.AddEmployeeTest#openApp</h3><table class="result"></table><p class="totop"><a href="#summary">back to summary</a></p><h3 id="m10">com.orangehrm.tests.AddEmployeeTest#verifyAddEmployee</h3><table class="result"></table><p class="totop"><a href="#summary">back to summary</a></p><h3 id="m11">com.orangehrm.tests.AddEmployeeTest#verifyAddEmployee1</h3><table class="result"></table><p class="totop"><a href="#summary">back to summary</a></p></body></html>