<?xml version="1.0" encoding="UTF-8"?>
<testng-results skipped="2" failed="2" total="4" passed="0">
  <reporter-output>
  </reporter-output>
  <suite name="OrangeHRM" duration-ms="72028" started-at="2018-07-28T04:25:10Z" finished-at="2018-07-28T04:26:22Z">
    <groups>
    </groups>
    <test name="pim" duration-ms="59730" started-at="2018-07-28T04:25:10Z" finished-at="2018-07-28T04:26:10Z">
      <class name="com.orangehrm.tests.AddEmployeeTest">
        <test-method status="PASS" signature="openApp(java.lang.reflect.Method)[pri:0, instance:com.orangehrm.tests.AddEmployeeTest@31a5c39e]" name="openApp" is-config="true" duration-ms="5585" started-at="2018-07-28T09:55:10Z" finished-at="2018-07-28T09:55:16Z">
          <params>
            <param index="0">
              <value>
                <![CDATA[public void com.orangehrm.tests.AddEmployeeTest.verifyAddEmployee() throws java.lang.InterruptedException]]>
              </value>
            </param>
          </params>
          <reporter-output>
          </reporter-output>
        </test-method> <!-- openApp -->
        <test-method status="PASS" signature="login()[pri:0, instance:com.orangehrm.tests.AddEmployeeTest@31a5c39e]" name="login" is-config="true" duration-ms="3430" started-at="2018-07-28T09:55:16Z" depends-on-methods="com.orangehrm.tests.BaseTest.openApp" finished-at="2018-07-28T09:55:19Z">
          <reporter-output>
          </reporter-output>
        </test-method> <!-- login -->
        <test-method status="FAIL" signature="verifyAddEmployee()[pri:0, instance:com.orangehrm.tests.AddEmployeeTest@31a5c39e]" name="verifyAddEmployee" duration-ms="19101" started-at="2018-07-28T09:55:19Z" finished-at="2018-07-28T09:55:38Z">
          <exception class="java.lang.AssertionError">
            <message>
              <![CDATA[Actual empId: [0324] is not matching with Expected EmpId: [0343] expected [0343] but found [0324]]]>
            </message>
            <full-stacktrace>
              <![CDATA[java.lang.AssertionError: Actual empId: [0324] is not matching with Expected EmpId: [0343] expected [0343] but found [0324]
	at org.testng.Assert.fail(Assert.java:94)
	at org.testng.Assert.failNotEquals(Assert.java:513)
	at org.testng.Assert.assertEqualsImpl(Assert.java:135)
	at org.testng.Assert.assertEquals(Assert.java:116)
	at org.testng.Assert.assertEquals(Assert.java:190)
	at com.orangehrm.tests.AddEmployeeTest.verifyAddEmployee(AddEmployeeTest.java:28)
	at sun.reflect.NativeMethodAccessorImpl.invoke0(Native Method)
	at sun.reflect.NativeMethodAccessorImpl.invoke(NativeMethodAccessorImpl.java:62)
	at sun.reflect.DelegatingMethodAccessorImpl.invoke(DelegatingMethodAccessorImpl.java:43)
	at java.lang.reflect.Method.invoke(Method.java:498)
	at org.testng.internal.MethodInvocationHelper.invokeMethod(MethodInvocationHelper.java:86)
	at org.testng.internal.Invoker.invokeMethod(Invoker.java:643)
	at org.testng.internal.Invoker.invokeTestMethod(Invoker.java:820)
	at org.testng.internal.Invoker.invokeTestMethods(Invoker.java:1128)
	at org.testng.internal.TestMethodWorker.invokeTestMethods(TestMethodWorker.java:129)
	at org.testng.internal.TestMethodWorker.run(TestMethodWorker.java:112)
	at org.testng.TestRunner.privateRun(TestRunner.java:782)
	at org.testng.TestRunner.run(TestRunner.java:632)
	at org.testng.SuiteRunner.runTest(SuiteRunner.java:366)
	at org.testng.SuiteRunner.runSequentially(SuiteRunner.java:361)
	at org.testng.SuiteRunner.privateRun(SuiteRunner.java:319)
	at org.testng.SuiteRunner.run(SuiteRunner.java:268)
	at org.testng.SuiteRunnerWorker.runSuite(SuiteRunnerWorker.java:52)
	at org.testng.SuiteRunnerWorker.run(SuiteRunnerWorker.java:86)
	at org.testng.TestNG.runSuitesSequentially(TestNG.java:1244)
	at org.testng.TestNG.runSuitesLocally(TestNG.java:1169)
	at org.testng.TestNG.run(TestNG.java:1064)
	at org.apache.maven.surefire.testng.TestNGExecutor.run(TestNGExecutor.java:178)
	at org.apache.maven.surefire.testng.TestNGXmlTestSuite.execute(TestNGXmlTestSuite.java:92)
	at org.apache.maven.surefire.testng.TestNGProvider.invoke(TestNGProvider.java:96)
	at sun.reflect.NativeMethodAccessorImpl.invoke0(Native Method)
	at sun.reflect.NativeMethodAccessorImpl.invoke(NativeMethodAccessorImpl.java:62)
	at sun.reflect.DelegatingMethodAccessorImpl.invoke(DelegatingMethodAccessorImpl.java:43)
	at java.lang.reflect.Method.invoke(Method.java:498)
	at org.apache.maven.surefire.util.ReflectionUtils.invokeMethodWithArray(ReflectionUtils.java:189)
	at org.apache.maven.surefire.booter.ProviderFactory$ProviderProxy.invoke(ProviderFactory.java:165)
	at org.apache.maven.surefire.booter.ProviderFactory.invokeProvider(ProviderFactory.java:85)
	at org.apache.maven.surefire.booter.ForkedBooter.runSuitesInProcess(ForkedBooter.java:115)
	at org.apache.maven.surefire.booter.ForkedBooter.main(ForkedBooter.java:75)
]]>
            </full-stacktrace>
          </exception> <!-- java.lang.AssertionError -->
          <reporter-output>
          </reporter-output>
        </test-method> <!-- verifyAddEmployee -->
        <test-method status="PASS" signature="closeBrowser()[pri:0, instance:com.orangehrm.tests.AddEmployeeTest@31a5c39e]" name="closeBrowser" is-config="true" duration-ms="2089" started-at="2018-07-28T09:55:38Z" finished-at="2018-07-28T09:55:40Z">
          <reporter-output>
          </reporter-output>
        </test-method> <!-- closeBrowser -->
        <test-method status="PASS" signature="logout()[pri:0, instance:com.orangehrm.tests.AddEmployeeTest@31a5c39e]" name="logout" is-config="true" duration-ms="41" started-at="2018-07-28T09:55:40Z" depends-on-methods="com.orangehrm.tests.BaseTest.closeBrowser" finished-at="2018-07-28T09:55:40Z">
          <reporter-output>
          </reporter-output>
        </test-method> <!-- logout -->
        <test-method status="PASS" signature="openApp(java.lang.reflect.Method)[pri:0, instance:com.orangehrm.tests.AddEmployeeTest@31a5c39e]" name="openApp" is-config="true" duration-ms="4957" started-at="2018-07-28T09:55:40Z" finished-at="2018-07-28T09:55:45Z">
          <params>
            <param index="0">
              <value>
                <![CDATA[public void com.orangehrm.tests.AddEmployeeTest.verifyAddEmployee1() throws java.lang.InterruptedException]]>
              </value>
            </param>
          </params>
          <reporter-output>
          </reporter-output>
        </test-method> <!-- openApp -->
        <test-method status="PASS" signature="login()[pri:0, instance:com.orangehrm.tests.AddEmployeeTest@31a5c39e]" name="login" is-config="true" duration-ms="3536" started-at="2018-07-28T09:55:45Z" depends-on-methods="com.orangehrm.tests.BaseTest.openApp" finished-at="2018-07-28T09:55:49Z">
          <reporter-output>
          </reporter-output>
        </test-method> <!-- login -->
        <test-method status="FAIL" signature="verifyAddEmployee1()[pri:0, instance:com.orangehrm.tests.AddEmployeeTest@31a5c39e]" name="verifyAddEmployee1" duration-ms="18629" started-at="2018-07-28T09:55:49Z" finished-at="2018-07-28T09:56:07Z">
          <exception class="java.lang.AssertionError">
            <message>
              <![CDATA[Actual empId: [0324] is not matching with Expected EmpId: [0344] expected [0344] but found [0324]]]>
            </message>
            <full-stacktrace>
              <![CDATA[java.lang.AssertionError: Actual empId: [0324] is not matching with Expected EmpId: [0344] expected [0344] but found [0324]
	at org.testng.Assert.fail(Assert.java:94)
	at org.testng.Assert.failNotEquals(Assert.java:513)
	at org.testng.Assert.assertEqualsImpl(Assert.java:135)
	at org.testng.Assert.assertEquals(Assert.java:116)
	at org.testng.Assert.assertEquals(Assert.java:190)
	at com.orangehrm.tests.AddEmployeeTest.verifyAddEmployee1(AddEmployeeTest.java:46)
	at sun.reflect.NativeMethodAccessorImpl.invoke0(Native Method)
	at sun.reflect.NativeMethodAccessorImpl.invoke(NativeMethodAccessorImpl.java:62)
	at sun.reflect.DelegatingMethodAccessorImpl.invoke(DelegatingMethodAccessorImpl.java:43)
	at java.lang.reflect.Method.invoke(Method.java:498)
	at org.testng.internal.MethodInvocationHelper.invokeMethod(MethodInvocationHelper.java:86)
	at org.testng.internal.Invoker.invokeMethod(Invoker.java:643)
	at org.testng.internal.Invoker.invokeTestMethod(Invoker.java:820)
	at org.testng.internal.Invoker.invokeTestMethods(Invoker.java:1128)
	at org.testng.internal.TestMethodWorker.invokeTestMethods(TestMethodWorker.java:129)
	at org.testng.internal.TestMethodWorker.run(TestMethodWorker.java:112)
	at org.testng.TestRunner.privateRun(TestRunner.java:782)
	at org.testng.TestRunner.run(TestRunner.java:632)
	at org.testng.SuiteRunner.runTest(SuiteRunner.java:366)
	at org.testng.SuiteRunner.runSequentially(SuiteRunner.java:361)
	at org.testng.SuiteRunner.privateRun(SuiteRunner.java:319)
	at org.testng.SuiteRunner.run(SuiteRunner.java:268)
	at org.testng.SuiteRunnerWorker.runSuite(SuiteRunnerWorker.java:52)
	at org.testng.SuiteRunnerWorker.run(SuiteRunnerWorker.java:86)
	at org.testng.TestNG.runSuitesSequentially(TestNG.java:1244)
	at org.testng.TestNG.runSuitesLocally(TestNG.java:1169)
	at org.testng.TestNG.run(TestNG.java:1064)
	at org.apache.maven.surefire.testng.TestNGExecutor.run(TestNGExecutor.java:178)
	at org.apache.maven.surefire.testng.TestNGXmlTestSuite.execute(TestNGXmlTestSuite.java:92)
	at org.apache.maven.surefire.testng.TestNGProvider.invoke(TestNGProvider.java:96)
	at sun.reflect.NativeMethodAccessorImpl.invoke0(Native Method)
	at sun.reflect.NativeMethodAccessorImpl.invoke(NativeMethodAccessorImpl.java:62)
	at sun.reflect.DelegatingMethodAccessorImpl.invoke(DelegatingMethodAccessorImpl.java:43)
	at java.lang.reflect.Method.invoke(Method.java:498)
	at org.apache.maven.surefire.util.ReflectionUtils.invokeMethodWithArray(ReflectionUtils.java:189)
	at org.apache.maven.surefire.booter.ProviderFactory$ProviderProxy.invoke(ProviderFactory.java:165)
	at org.apache.maven.surefire.booter.ProviderFactory.invokeProvider(ProviderFactory.java:85)
	at org.apache.maven.surefire.booter.ForkedBooter.runSuitesInProcess(ForkedBooter.java:115)
	at org.apache.maven.surefire.booter.ForkedBooter.main(ForkedBooter.java:75)
]]>
            </full-stacktrace>
          </exception> <!-- java.lang.AssertionError -->
          <reporter-output>
          </reporter-output>
        </test-method> <!-- verifyAddEmployee1 -->
        <test-method status="PASS" signature="closeBrowser()[pri:0, instance:com.orangehrm.tests.AddEmployeeTest@31a5c39e]" name="closeBrowser" is-config="true" duration-ms="2312" started-at="2018-07-28T09:56:07Z" finished-at="2018-07-28T09:56:10Z">
          <reporter-output>
          </reporter-output>
        </test-method> <!-- closeBrowser -->
        <test-method status="PASS" signature="logout()[pri:0, instance:com.orangehrm.tests.AddEmployeeTest@31a5c39e]" name="logout" is-config="true" duration-ms="26" started-at="2018-07-28T09:56:10Z" depends-on-methods="com.orangehrm.tests.BaseTest.closeBrowser" finished-at="2018-07-28T09:56:10Z">
          <reporter-output>
          </reporter-output>
        </test-method> <!-- logout -->
      </class> <!-- com.orangehrm.tests.AddEmployeeTest -->
    </test> <!-- pim -->
    <test name="Admin" duration-ms="12275" started-at="2018-07-28T04:26:10Z" finished-at="2018-07-28T04:26:22Z">
      <class name="com.orangehrm.tests.AddEmployeeTest">
        <test-method status="PASS" signature="initialize()[pri:0, instance:com.orangehrm.tests.AddEmployeeTest@5649fd9b]" name="initialize" is-config="true" duration-ms="664" started-at="2018-07-28T09:55:09Z" finished-at="2018-07-28T09:55:10Z">
          <reporter-output>
          </reporter-output>
        </test-method> <!-- initialize -->
        <test-method status="FAIL" signature="openApp(java.lang.reflect.Method)[pri:0, instance:com.orangehrm.tests.AddEmployeeTest@5649fd9b]" name="openApp" is-config="true" duration-ms="0" started-at="2018-07-28T09:56:10Z" finished-at="2018-07-28T09:56:10Z">
          <params>
            <param index="0">
              <value>
                <![CDATA[public void com.orangehrm.tests.AddEmployeeTest.verifyAddEmployee() throws java.lang.InterruptedException]]>
              </value>
            </param>
          </params>
          <exception class="org.openqa.selenium.WebDriverException">
            <message>
              <![CDATA[chrome not reachable
  (Session info: chrome=67.0.3396.99)
  (Driver info: chromedriver=2.38.552522 (437e6fbedfa8762dec75e2c5b3ddb86763dc9dcb),platform=Windows NT 6.1.7600 x86_64) (WARNING: The server did not provide any stacktrace information)
Command duration or timeout: 4.02 seconds
Build info: version: '2.53.1', revision: 'a36b8b1cd5757287168e54b817830adce9b0158d', time: '2016-06-30 19:26:09'
System info: host: 'user-PC', ip: '192.168.0.106', os.name: 'Windows 7', os.arch: 'amd64', os.version: '6.1', java.version: '1.8.0_77'
Driver info: org.openqa.selenium.chrome.ChromeDriver
Capabilities [{applicationCacheEnabled=false, rotatable=false, mobileEmulationEnabled=false, networkConnectionEnabled=false, chrome={chromedriverVersion=2.38.552522 (437e6fbedfa8762dec75e2c5b3ddb86763dc9dcb), userDataDir=C:\Users\user\AppData\Local\Temp\scoped_dir2268_3917}, takesHeapSnapshot=true, pageLoadStrategy=normal, databaseEnabled=false, handlesAlerts=true, hasTouchScreen=false, version=67.0.3396.99, platform=XP, browserConnectionEnabled=false, nativeEvents=true, acceptSslCerts=false, acceptInsecureCerts=false, locationContextEnabled=true, webStorageEnabled=true, browserName=chrome, takesScreenshot=true, javascriptEnabled=true, cssSelectorsEnabled=true, setWindowRect=true, unexpectedAlertBehaviour=}]
Session ID: 0b636536cd27d1a4345294718f8fc5d3]]>
            </message>
            <full-stacktrace>
              <![CDATA[org.openqa.selenium.WebDriverException: chrome not reachable
  (Session info: chrome=67.0.3396.99)
  (Driver info: chromedriver=2.38.552522 (437e6fbedfa8762dec75e2c5b3ddb86763dc9dcb),platform=Windows NT 6.1.7600 x86_64) (WARNING: The server did not provide any stacktrace information)
Command duration or timeout: 4.02 seconds
Build info: version: '2.53.1', revision: 'a36b8b1cd5757287168e54b817830adce9b0158d', time: '2016-06-30 19:26:09'
System info: host: 'user-PC', ip: '192.168.0.106', os.name: 'Windows 7', os.arch: 'amd64', os.version: '6.1', java.version: '1.8.0_77'
Driver info: org.openqa.selenium.chrome.ChromeDriver
Capabilities [{applicationCacheEnabled=false, rotatable=false, mobileEmulationEnabled=false, networkConnectionEnabled=false, chrome={chromedriverVersion=2.38.552522 (437e6fbedfa8762dec75e2c5b3ddb86763dc9dcb), userDataDir=C:\Users\user\AppData\Local\Temp\scoped_dir2268_3917}, takesHeapSnapshot=true, pageLoadStrategy=normal, databaseEnabled=false, handlesAlerts=true, hasTouchScreen=false, version=67.0.3396.99, platform=XP, browserConnectionEnabled=false, nativeEvents=true, acceptSslCerts=false, acceptInsecureCerts=false, locationContextEnabled=true, webStorageEnabled=true, browserName=chrome, takesScreenshot=true, javascriptEnabled=true, cssSelectorsEnabled=true, setWindowRect=true, unexpectedAlertBehaviour=}]
Session ID: 0b636536cd27d1a4345294718f8fc5d3
	at sun.reflect.NativeConstructorAccessorImpl.newInstance0(Native Method)
	at sun.reflect.NativeConstructorAccessorImpl.newInstance(NativeConstructorAccessorImpl.java:62)
	at sun.reflect.DelegatingConstructorAccessorImpl.newInstance(DelegatingConstructorAccessorImpl.java:45)
	at java.lang.reflect.Constructor.newInstance(Constructor.java:423)
	at org.openqa.selenium.remote.ErrorHandler.createThrowable(ErrorHandler.java:206)
	at org.openqa.selenium.remote.ErrorHandler.throwIfResponseFailed(ErrorHandler.java:158)
	at org.openqa.selenium.remote.RemoteWebDriver.execute(RemoteWebDriver.java:678)
	at org.openqa.selenium.remote.RemoteWebDriver.get(RemoteWebDriver.java:316)
	at com.orangehrm.tests.BaseTest.openApp(BaseTest.java:56)
	at sun.reflect.NativeMethodAccessorImpl.invoke0(Native Method)
	at sun.reflect.NativeMethodAccessorImpl.invoke(NativeMethodAccessorImpl.java:62)
	at sun.reflect.DelegatingMethodAccessorImpl.invoke(DelegatingMethodAccessorImpl.java:43)
	at java.lang.reflect.Method.invoke(Method.java:498)
	at org.testng.internal.MethodInvocationHelper.invokeMethod(MethodInvocationHelper.java:86)
	at org.testng.internal.Invoker.invokeConfigurationMethod(Invoker.java:514)
	at org.testng.internal.Invoker.invokeConfigurations(Invoker.java:215)
	at org.testng.internal.Invoker.invokeMethod(Invoker.java:589)
	at org.testng.internal.Invoker.invokeTestMethod(Invoker.java:820)
	at org.testng.internal.Invoker.invokeTestMethods(Invoker.java:1128)
	at org.testng.internal.TestMethodWorker.invokeTestMethods(TestMethodWorker.java:129)
	at org.testng.internal.TestMethodWorker.run(TestMethodWorker.java:112)
	at org.testng.TestRunner.privateRun(TestRunner.java:782)
	at org.testng.TestRunner.run(TestRunner.java:632)
	at org.testng.SuiteRunner.runTest(SuiteRunner.java:366)
	at org.testng.SuiteRunner.runSequentially(SuiteRunner.java:361)
	at org.testng.SuiteRunner.privateRun(SuiteRunner.java:319)
	at org.testng.SuiteRunner.run(SuiteRunner.java:268)
	at org.testng.SuiteRunnerWorker.runSuite(SuiteRunnerWorker.java:52)
	at org.testng.SuiteRunnerWorker.run(SuiteRunnerWorker.java:86)
	at org.testng.TestNG.runSuitesSequentially(TestNG.java:1244)
	at org.testng.TestNG.runSuitesLocally(TestNG.java:1169)
	at org.testng.TestNG.run(TestNG.java:1064)
	at org.apache.maven.surefire.testng.TestNGExecutor.run(TestNGExecutor.java:178)
	at org.apache.maven.surefire.testng.TestNGXmlTestSuite.execute(TestNGXmlTestSuite.java:92)
	at org.apache.maven.surefire.testng.TestNGProvider.invoke(TestNGProvider.java:96)
	at sun.reflect.NativeMethodAccessorImpl.invoke0(Native Method)
	at sun.reflect.NativeMethodAccessorImpl.invoke(NativeMethodAccessorImpl.java:62)
	at sun.reflect.DelegatingMethodAccessorImpl.invoke(DelegatingMethodAccessorImpl.java:43)
	at java.lang.reflect.Method.invoke(Method.java:498)
	at org.apache.maven.surefire.util.ReflectionUtils.invokeMethodWithArray(ReflectionUtils.java:189)
	at org.apache.maven.surefire.booter.ProviderFactory$ProviderProxy.invoke(ProviderFactory.java:165)
	at org.apache.maven.surefire.booter.ProviderFactory.invokeProvider(ProviderFactory.java:85)
	at org.apache.maven.surefire.booter.ForkedBooter.runSuitesInProcess(ForkedBooter.java:115)
	at org.apache.maven.surefire.booter.ForkedBooter.main(ForkedBooter.java:75)
]]>
            </full-stacktrace>
          </exception> <!-- org.openqa.selenium.WebDriverException -->
          <reporter-output>
          </reporter-output>
        </test-method> <!-- openApp -->
        <test-method status="SKIP" signature="login()[pri:0, instance:com.orangehrm.tests.AddEmployeeTest@5649fd9b]" name="login" is-config="true" duration-ms="0" started-at="2018-07-28T09:56:22Z" depends-on-methods="com.orangehrm.tests.BaseTest.openApp" finished-at="2018-07-28T09:56:22Z">
          <reporter-output>
          </reporter-output>
        </test-method> <!-- login -->
        <test-method status="SKIP" signature="closeBrowser()[pri:0, instance:com.orangehrm.tests.AddEmployeeTest@5649fd9b]" name="closeBrowser" is-config="true" duration-ms="0" started-at="2018-07-28T09:56:22Z" finished-at="2018-07-28T09:56:22Z">
          <reporter-output>
          </reporter-output>
        </test-method> <!-- closeBrowser -->
        <test-method status="SKIP" signature="verifyAddEmployee()[pri:0, instance:com.orangehrm.tests.AddEmployeeTest@5649fd9b]" name="verifyAddEmployee" duration-ms="0" started-at="2018-07-28T09:56:22Z" finished-at="2018-07-28T09:56:22Z">
          <reporter-output>
          </reporter-output>
        </test-method> <!-- verifyAddEmployee -->
        <test-method status="SKIP" signature="logout()[pri:0, instance:com.orangehrm.tests.AddEmployeeTest@5649fd9b]" name="logout" is-config="true" duration-ms="0" started-at="2018-07-28T09:56:22Z" depends-on-methods="com.orangehrm.tests.BaseTest.closeBrowser" finished-at="2018-07-28T09:56:22Z">
          <reporter-output>
          </reporter-output>
        </test-method> <!-- logout -->
        <test-method status="SKIP" signature="openApp(java.lang.reflect.Method)[pri:0, instance:com.orangehrm.tests.AddEmployeeTest@5649fd9b]" name="openApp" is-config="true" duration-ms="0" started-at="2018-07-28T09:56:22Z" finished-at="2018-07-28T09:56:22Z">
          <reporter-output>
          </reporter-output>
        </test-method> <!-- openApp -->
        <test-method status="SKIP" signature="login()[pri:0, instance:com.orangehrm.tests.AddEmployeeTest@5649fd9b]" name="login" is-config="true" duration-ms="0" started-at="2018-07-28T09:56:22Z" depends-on-methods="com.orangehrm.tests.BaseTest.openApp" finished-at="2018-07-28T09:56:22Z">
          <reporter-output>
          </reporter-output>
        </test-method> <!-- login -->
        <test-method status="SKIP" signature="verifyAddEmployee1()[pri:0, instance:com.orangehrm.tests.AddEmployeeTest@5649fd9b]" name="verifyAddEmployee1" duration-ms="0" started-at="2018-07-28T09:56:22Z" finished-at="2018-07-28T09:56:22Z">
          <reporter-output>
          </reporter-output>
        </test-method> <!-- verifyAddEmployee1 -->
        <test-method status="SKIP" signature="logout()[pri:0, instance:com.orangehrm.tests.AddEmployeeTest@5649fd9b]" name="logout" is-config="true" duration-ms="0" started-at="2018-07-28T09:56:22Z" depends-on-methods="com.orangehrm.tests.BaseTest.closeBrowser" finished-at="2018-07-28T09:56:22Z">
          <reporter-output>
          </reporter-output>
        </test-method> <!-- logout -->
        <test-method status="SKIP" signature="closeBrowser()[pri:0, instance:com.orangehrm.tests.AddEmployeeTest@5649fd9b]" name="closeBrowser" is-config="true" duration-ms="0" started-at="2018-07-28T09:56:22Z" finished-at="2018-07-28T09:56:22Z">
          <reporter-output>
          </reporter-output>
        </test-method> <!-- closeBrowser -->
      </class> <!-- com.orangehrm.tests.AddEmployeeTest -->
    </test> <!-- Admin -->
  </suite> <!-- OrangeHRM -->
</testng-results>
